[2025-04-10 14:43:36] INFO: Server running on port 3000
[2025-04-10 14:50:32] INFO: Server running on port 3000
[2025-04-10 14:52:21] INFO: Server running on port 3000
[2025-04-10 14:53:13] INFO: Server running on port 3000
[2025-04-10 14:54:07] INFO: Server running on port 3000
[2025-04-10 15:01:19] INFO: Server running on port 3000
[2025-04-10 15:03:53] INFO: Server running on port 3000
[2025-04-10 15:03:56] INFO: Server running on port 3000
[2025-04-10 15:04:17] INFO: Server running on port 3000
[2025-04-10 15:11:18] INFO: Server running on port 3000
[2025-04-10 15:11:27] INFO: Server running on port 3000
[2025-04-10 15:13:40] INFO: Server running on port 3000
[2025-04-10 15:16:49] INFO: Server running on port 3000
[2025-04-10 15:17:49] INFO: Server running on port 3000
[2025-04-10 15:17:49] INFO: connected to mongoDB server ::
[2025-04-10 15:19:30] INFO: Server running on port 3000
[2025-04-10 15:19:30] INFO: connected to mongoDB server ::
[2025-04-10 15:20:53] INFO: Server running on port 3000
[2025-04-10 15:20:53] INFO: connected to mongoDB server ::
[2025-04-10 15:21:33] INFO: Server running on port 3000
[2025-04-10 15:21:33] INFO: connected to mongoDB server ::
[2025-04-10 15:21:44] INFO: Server running on port 3000
[2025-04-10 15:21:44] INFO: connected to mongoDB server ::
[2025-04-10 15:24:27] INFO: Server running on port 3000
[2025-04-10 15:24:27] INFO: connected to mongoDB server ::
[2025-04-10 15:37:49] INFO: Server running on port 3000
[2025-04-10 15:37:49] INFO: connected to mongoDB server ::
[2025-04-10 15:39:01] INFO: Server running on port 3000
[2025-04-10 15:39:01] INFO: connected to mongoDB server ::
[2025-04-10 15:39:10] INFO: Server running on port 3000
[2025-04-10 15:39:10] INFO: connected to mongoDB server ::
[2025-04-10 15:43:16] INFO: Server running on port 3000
[2025-04-10 15:43:16] INFO: connected to mongoDB server ::
[2025-04-10 15:48:14] INFO: Server running on port 3000
[2025-04-10 15:48:14] INFO: connected to mongoDB server ::
[2025-04-10 15:50:22] INFO: Server running on port 3000
[2025-04-10 15:50:22] INFO: connected to mongoDB server ::
[2025-04-10 15:51:05] INFO: Server running on port 3000
[2025-04-10 15:51:05] INFO: connected to mongoDB server ::
[2025-04-10 15:51:20] INFO: Server running on port 3000
[2025-04-10 15:51:20] INFO: connected to mongoDB server ::
[2025-04-10 15:51:34] INFO: Server running on port 3000
[2025-04-10 15:51:34] INFO: connected to mongoDB server ::
[2025-04-10 15:52:07] INFO: Server running on port 3000
[2025-04-10 15:52:07] INFO: connected to mongoDB server ::
[2025-04-10 15:52:30] INFO: Server running on port 3000
[2025-04-10 15:52:30] INFO: connected to mongoDB server ::
[2025-04-10 15:52:52] INFO: Server running on port 3000
[2025-04-10 15:52:52] INFO: connected to mongoDB server ::
[2025-04-10 15:53:36] INFO: Server running on port 3000
[2025-04-10 15:53:36] INFO: connected to mongoDB server ::
[2025-04-10 15:53:46] INFO: Server running on port 3000
[2025-04-10 15:53:46] INFO: connected to mongoDB server ::
[2025-04-10 15:56:54] INFO: Server running on port 3000
[2025-04-10 15:56:54] INFO: connected to mongoDB server ::
[2025-04-10 15:57:35] INFO: Server running on port 3000
[2025-04-10 15:57:35] INFO: connected to mongoDB server ::
[2025-04-10 15:58:40] INFO: Server running on port 3000
[2025-04-10 15:58:40] INFO: connected to mongoDB server ::
[2025-04-10 15:58:45] INFO: Server running on port 3000
[2025-04-10 15:58:45] INFO: connected to mongoDB server ::
[2025-04-10 16:11:03] INFO: Server running on port 3000
[2025-04-10 16:11:03] INFO: connected to mongoDB server ::
[2025-04-10 16:11:12] INFO: 
Received SIGINT. Closing server and DB connection...
[2025-04-10 16:13:02] INFO: Server running on port 3000
[2025-04-10 16:13:02] INFO: connected to mongoDB server ::
[2025-04-10 16:13:04] INFO: 
Received SIGINT. Closing server and DB connection...
[2025-04-10 16:14:41] INFO: Server running on port 3000
[2025-04-10 16:14:41] INFO: connected to mongoDB server ::
[2025-04-10 16:14:42] INFO: 
🚦 Received SIGINT. Closing server and DB connection...
[2025-04-10 16:15:21] INFO: Server running on port 3000
[2025-04-10 16:15:21] INFO: connected to mongoDB server ::
[2025-04-10 16:15:22] INFO: 
🚦 Received SIGINT. Closing server and DB connection...
[2025-04-10 16:15:22] INFO: 🛑 HTTP server closed
[2025-04-10 16:34:41] INFO: Server running on port 3000
[2025-04-10 16:34:41] INFO: connected to mongoDB server ::
[2025-04-10 16:34:46] INFO: Server running on port 3000
[2025-04-10 16:34:46] INFO: connected to mongoDB server ::
[2025-04-10 16:34:50] INFO: 
🚦 Received SIGINT. Closing server and DB connection...
